<?xml version="1.0" encoding="UTF-8"?>
<!-- Generated by org.testng.reporters.JUnitReportReporter -->
<testsuite hostname="DESKTOP-0KUUI79" failures="0" tests="1" name="com.TestCases.SearchProductTest" time="41.940" errors="0" timestamp="2024-02-23T17:52:51 IST" skipped="0">
  <testcase classname="com.TestCases.SearchProductTest" name="searchProduct" time="41.940"/>
  <system-out/>
</testsuite> <!-- com.TestCases.SearchProductTest -->
