<?xml version="1.0" encoding="UTF-8"?>
<!-- Generated by org.testng.reporters.JUnitReportReporter -->
<testsuite hostname="DESKTOP-0KUUI79" failures="0" tests="1" name="com.TestCases.LoginTest" time="32.875" errors="0" timestamp="2024-02-23T11:27:12 IST" skipped="0">
  <testcase classname="com.TestCases.LoginTest" name="login" time="32.875"/>
  <system-out/>
</testsuite> <!-- com.TestCases.LoginTest -->
