<?xml version="1.0" encoding="UTF-8"?>
<!-- Generated by org.testng.reporters.JUnitReportReporter -->
<testsuite hostname="DESKTOP-0KUUI79" failures="0" tests="1" name="com.TestCases.RegistrationTest" time="22.950" errors="0" timestamp="2024-02-23T10:51:49 IST" skipped="0">
  <testcase classname="com.TestCases.RegistrationTest" name="Register" time="22.950"/>
  <system-out/>
</testsuite> <!-- com.TestCases.RegistrationTest -->
